0 info it worked if it ends with ok
1 verbose cli [ 'C:\\Program Files\\nodejs\\node.exe',
1 verbose cli   'C:\\Program Files\\nodejs\\node_modules\\npm\\bin\\npm-cli.js',
1 verbose cli   'install',
1 verbose cli   'node-oracle' ]
2 info using npm@3.10.10
3 info using node@v6.10.3
4 silly loadCurrentTree Starting
5 silly install loadCurrentTree
6 silly install readLocalPackageData
7 silly fetchPackageMetaData node-oracle
8 silly fetchNamedPackageData node-oracle
9 silly mapToRegistry name node-oracle
10 silly mapToRegistry using default registry
11 silly mapToRegistry registry https://registry.npmjs.org/
12 silly mapToRegistry data Result {
12 silly mapToRegistry   raw: 'node-oracle',
12 silly mapToRegistry   scope: null,
12 silly mapToRegistry   escapedName: 'node-oracle',
12 silly mapToRegistry   name: 'node-oracle',
12 silly mapToRegistry   rawSpec: '',
12 silly mapToRegistry   spec: 'latest',
12 silly mapToRegistry   type: 'tag' }
13 silly mapToRegistry uri https://registry.npmjs.org/node-oracle
14 verbose request uri https://registry.npmjs.org/node-oracle
15 verbose request no auth needed
16 info attempt registry request try #1 at 7:40:01 AM
17 verbose request id 2c8bba599ecbd79b
18 verbose etag W/"54057e41-15d9"
19 verbose lastModified Tue, 02 Sep 2014 08:22:25 GMT
20 http request GET https://registry.npmjs.org/node-oracle
21 http 304 https://registry.npmjs.org/node-oracle
22 verbose headers { date: 'Fri, 02 Jun 2017 11:40:02 GMT',
22 verbose headers   via: '1.1 varnish',
22 verbose headers   'cache-control': 'max-age=300',
22 verbose headers   etag: 'W/"54057e41-15d9"',
22 verbose headers   age: '11',
22 verbose headers   connection: 'keep-alive',
22 verbose headers   'x-served-by': 'cache-dfw1820-DFW',
22 verbose headers   'x-cache': 'HIT',
22 verbose headers   'x-cache-hits': '1',
22 verbose headers   'x-timer': 'S1496403603.505263,VS0,VE0',
22 verbose headers   vary: 'Accept-Encoding' }
23 silly get cb [ 304,
23 silly get   { date: 'Fri, 02 Jun 2017 11:40:02 GMT',
23 silly get     via: '1.1 varnish',
23 silly get     'cache-control': 'max-age=300',
23 silly get     etag: 'W/"54057e41-15d9"',
23 silly get     age: '11',
23 silly get     connection: 'keep-alive',
23 silly get     'x-served-by': 'cache-dfw1820-DFW',
23 silly get     'x-cache': 'HIT',
23 silly get     'x-cache-hits': '1',
23 silly get     'x-timer': 'S1496403603.505263,VS0,VE0',
23 silly get     vary: 'Accept-Encoding' } ]
24 verbose etag https://registry.npmjs.org/node-oracle from cache
25 verbose get saving node-oracle to C:\Users\u9x4259\AppData\Roaming\npm-cache\registry.npmjs.org\node-oracle\.cache.json
26 verbose correctMkdir C:\Users\u9x4259\AppData\Roaming\npm-cache correctMkdir not in flight; initializing
27 silly install normalizeTree
28 silly loadCurrentTree Finishing
29 silly loadIdealTree Starting
30 silly install loadIdealTree
31 silly cloneCurrentTree Starting
32 silly install cloneCurrentTreeToIdealTree
33 silly cloneCurrentTree Finishing
34 silly loadShrinkwrap Starting
35 silly install loadShrinkwrap
36 silly loadShrinkwrap Finishing
37 silly loadAllDepsIntoIdealTree Starting
38 silly install loadAllDepsIntoIdealTree
39 silly resolveWithNewModule node-oracle@0.0.5 checking installable status
40 silly cache add args [ 'node-oracle', null ]
41 verbose cache add spec node-oracle
42 silly cache add parsed spec Result {
42 silly cache add   raw: 'node-oracle',
42 silly cache add   scope: null,
42 silly cache add   escapedName: 'node-oracle',
42 silly cache add   name: 'node-oracle',
42 silly cache add   rawSpec: '',
42 silly cache add   spec: 'latest',
42 silly cache add   type: 'tag' }
43 silly addNamed node-oracle@latest
44 verbose addNamed "latest" is being treated as a dist-tag for node-oracle
45 info addNameTag [ 'node-oracle', 'latest' ]
46 silly mapToRegistry name node-oracle
47 silly mapToRegistry using default registry
48 silly mapToRegistry registry https://registry.npmjs.org/
49 silly mapToRegistry data Result {
49 silly mapToRegistry   raw: 'node-oracle',
49 silly mapToRegistry   scope: null,
49 silly mapToRegistry   escapedName: 'node-oracle',
49 silly mapToRegistry   name: 'node-oracle',
49 silly mapToRegistry   rawSpec: '',
49 silly mapToRegistry   spec: 'latest',
49 silly mapToRegistry   type: 'tag' }
50 silly mapToRegistry uri https://registry.npmjs.org/node-oracle
51 verbose addNameTag registry:https://registry.npmjs.org/node-oracle not in flight; fetching
52 verbose get https://registry.npmjs.org/node-oracle not expired, no request
53 silly addNameTag next cb for node-oracle with tag latest
54 silly addNamed node-oracle@0.0.5
55 verbose addNamed "0.0.5" is a plain semver version for node-oracle
56 silly mapToRegistry name node-oracle
57 silly mapToRegistry using default registry
58 silly mapToRegistry registry https://registry.npmjs.org/
59 silly mapToRegistry data Result {
59 silly mapToRegistry   raw: 'node-oracle',
59 silly mapToRegistry   scope: null,
59 silly mapToRegistry   escapedName: 'node-oracle',
59 silly mapToRegistry   name: 'node-oracle',
59 silly mapToRegistry   rawSpec: '',
59 silly mapToRegistry   spec: 'latest',
59 silly mapToRegistry   type: 'tag' }
60 silly mapToRegistry uri https://registry.npmjs.org/node-oracle
61 verbose addRemoteTarball https://registry.npmjs.org/node-oracle/-/node-oracle-0.0.5.tgz not in flight; adding
62 verbose addRemoteTarball [ 'https://registry.npmjs.org/node-oracle/-/node-oracle-0.0.5.tgz',
62 verbose addRemoteTarball   '9b45f776f89715ac83d44f1a8d131f36adf9cb18' ]
63 info retry fetch attempt 1 at 7:40:02 AM
64 info attempt registry request try #1 at 7:40:02 AM
65 http fetch GET https://registry.npmjs.org/node-oracle/-/node-oracle-0.0.5.tgz
66 http fetch 200 https://registry.npmjs.org/node-oracle/-/node-oracle-0.0.5.tgz
67 silly fetchAndShaCheck shasum 9b45f776f89715ac83d44f1a8d131f36adf9cb18
68 verbose addTmpTarball C:\Users\u9x4259\AppData\Local\Temp\npm-44976-b02c2ef2\registry.npmjs.org\node-oracle\-\node-oracle-0.0.5.tgz not in flight; adding
69 verbose addTmpTarball already have metadata; skipping unpack for node-oracle@0.0.5
70 verbose correctMkdir C:\Users\u9x4259\AppData\Roaming\npm-cache correctMkdir not in flight; initializing
71 silly cache afterAdd node-oracle@0.0.5
72 verbose afterAdd C:\Users\u9x4259\AppData\Roaming\npm-cache\node-oracle\0.0.5\package\package.json not in flight; writing
73 verbose correctMkdir C:\Users\u9x4259\AppData\Roaming\npm-cache correctMkdir not in flight; initializing
74 verbose afterAdd C:\Users\u9x4259\AppData\Roaming\npm-cache\node-oracle\0.0.5\package\package.json written
75 silly loadAllDepsIntoIdealTree Finishing
76 silly loadIdealTree Finishing
77 silly currentTree dst@0.0.0
77 silly currentTree +-- accepts@1.3.3
77 silly currentTree +-- acorn-globals@1.0.9
77 silly currentTree +-- acorn@2.7.0
77 silly currentTree +-- ag-grid-enterprise@9.1.0
77 silly currentTree +-- ag-grid@9.1.0
77 silly currentTree +-- align-text@0.1.4
77 silly currentTree +-- amdefine@1.0.1
77 silly currentTree +-- ap@0.2.0
77 silly currentTree +-- array-flatten@1.1.1
77 silly currentTree +-- asap@1.0.0
77 silly currentTree +-- basic-auth@1.1.0
77 silly currentTree +-- body-parser@1.17.1
77 silly currentTree | `-- debug@2.6.1
77 silly currentTree +-- buffer-writer@1.0.1
77 silly currentTree +-- bytes@2.4.0
77 silly currentTree +-- camelcase@1.2.1
77 silly currentTree +-- center-align@0.1.3
77 silly currentTree +-- character-parser@1.2.1
77 silly currentTree +-- clean-css@3.4.26
77 silly currentTree | `-- commander@2.8.1
77 silly currentTree +-- cliui@2.1.0
77 silly currentTree | `-- wordwrap@0.0.2
77 silly currentTree +-- commander@2.6.0
77 silly currentTree +-- constantinople@3.0.2
77 silly currentTree +-- content-disposition@0.5.2
77 silly currentTree +-- content-type@1.0.2
77 silly currentTree +-- cookie-parser@1.4.3
77 silly currentTree +-- cookie-signature@1.0.6
77 silly currentTree +-- cookie@0.3.1
77 silly currentTree +-- css-parse@1.0.4
77 silly currentTree +-- css-stringify@1.0.5
77 silly currentTree +-- css@1.0.8
77 silly currentTree +-- debug@2.6.6
77 silly currentTree | `-- ms@0.7.3
77 silly currentTree +-- decamelize@1.2.0
77 silly currentTree +-- depd@1.1.0
77 silly currentTree +-- destroy@1.0.4
77 silly currentTree +-- ee-first@1.1.1
77 silly currentTree +-- encodeurl@1.0.1
77 silly currentTree +-- escape-html@1.0.3
77 silly currentTree +-- etag@1.8.0
77 silly currentTree +-- express@4.15.2
77 silly currentTree | `-- debug@2.6.1
77 silly currentTree +-- finalhandler@1.0.2
77 silly currentTree | +-- debug@2.6.4
77 silly currentTree | `-- ms@0.7.3
77 silly currentTree +-- forwarded@0.1.0
77 silly currentTree +-- fresh@0.5.0
77 silly currentTree +-- generic-pool@2.4.3
77 silly currentTree +-- graceful-readlink@1.0.1
77 silly currentTree +-- http-errors@1.6.1
77 silly currentTree +-- iconv-lite@0.4.15
77 silly currentTree +-- inherits@2.0.3
77 silly currentTree +-- ipaddr.js@1.3.0
77 silly currentTree +-- is-buffer@1.1.5
77 silly currentTree +-- is-promise@2.1.0
77 silly currentTree +-- jade@1.11.0
77 silly currentTree +-- jstransformer@0.0.2
77 silly currentTree +-- kind-of@3.2.0
77 silly currentTree +-- lazy-cache@1.0.4
77 silly currentTree +-- longest@1.0.1
77 silly currentTree +-- media-typer@0.3.0
77 silly currentTree +-- merge-descriptors@1.0.1
77 silly currentTree +-- methods@1.1.2
77 silly currentTree +-- mime-db@1.27.0
77 silly currentTree +-- mime-types@2.1.15
77 silly currentTree +-- mime@1.3.4
77 silly currentTree +-- minimist@0.0.8
77 silly currentTree +-- mkdirp@0.5.1
77 silly currentTree +-- morgan@1.8.1
77 silly currentTree | `-- debug@2.6.1
77 silly currentTree +-- ms@0.7.2
77 silly currentTree +-- negotiator@0.6.1
77 silly currentTree +-- object-assign@4.1.0
77 silly currentTree +-- on-finished@2.3.0
77 silly currentTree +-- on-headers@1.0.1
77 silly currentTree +-- optimist@0.3.7
77 silly currentTree +-- packet-reader@0.3.1
77 silly currentTree +-- parseurl@1.3.1
77 silly currentTree +-- path-to-regexp@0.1.7
77 silly currentTree +-- pg-connection-string@0.1.3
77 silly currentTree +-- pg-pool@1.7.1
77 silly currentTree +-- pg-types@1.11.0
77 silly currentTree +-- pg@6.2.2
77 silly currentTree +-- pgpass@1.0.1
77 silly currentTree +-- postgres-array@1.0.2
77 silly currentTree +-- postgres-bytea@1.0.0
77 silly currentTree +-- postgres-date@1.0.3
77 silly currentTree +-- postgres-interval@1.0.2
77 silly currentTree +-- promise@6.1.0
77 silly currentTree +-- proxy-addr@1.1.4
77 silly currentTree +-- qs@6.4.0
77 silly currentTree +-- range-parser@1.2.0
77 silly currentTree +-- raw-body@2.2.0
77 silly currentTree +-- repeat-string@1.6.1
77 silly currentTree +-- right-align@0.1.3
77 silly currentTree +-- semver@4.3.2
77 silly currentTree +-- send@0.15.1
77 silly currentTree | `-- debug@2.6.1
77 silly currentTree +-- serve-favicon@2.4.2
77 silly currentTree | `-- ms@1.0.0
77 silly currentTree +-- serve-static@1.12.1
77 silly currentTree +-- setprototypeof@1.0.3
77 silly currentTree +-- source-map@0.4.4
77 silly currentTree +-- split@1.0.0
77 silly currentTree +-- statuses@1.3.1
77 silly currentTree +-- through@2.3.8
77 silly currentTree +-- transformers@2.1.0
77 silly currentTree | +-- is-promise@1.0.1
77 silly currentTree | +-- promise@2.0.0
77 silly currentTree | +-- source-map@0.1.43
77 silly currentTree | `-- uglify-js@2.2.5
77 silly currentTree +-- type-is@1.6.15
77 silly currentTree +-- uglify-js@2.8.26
77 silly currentTree | `-- source-map@0.5.6
77 silly currentTree +-- uglify-to-browserify@1.0.2
77 silly currentTree +-- unpipe@1.0.0
77 silly currentTree +-- utils-merge@1.0.0
77 silly currentTree +-- vary@1.1.1
77 silly currentTree +-- void-elements@2.0.1
77 silly currentTree +-- window-size@0.1.0
77 silly currentTree +-- with@4.0.3
77 silly currentTree | `-- acorn@1.2.2
77 silly currentTree +-- wordwrap@0.0.3
77 silly currentTree +-- xtend@4.0.1
77 silly currentTree `-- yargs@3.10.0
78 silly idealTree dst@0.0.0
78 silly idealTree +-- accepts@1.3.3
78 silly idealTree +-- acorn-globals@1.0.9
78 silly idealTree +-- acorn@2.7.0
78 silly idealTree +-- ag-grid-enterprise@9.1.0
78 silly idealTree +-- ag-grid@9.1.0
78 silly idealTree +-- align-text@0.1.4
78 silly idealTree +-- amdefine@1.0.1
78 silly idealTree +-- ap@0.2.0
78 silly idealTree +-- array-flatten@1.1.1
78 silly idealTree +-- asap@1.0.0
78 silly idealTree +-- basic-auth@1.1.0
78 silly idealTree +-- body-parser@1.17.1
78 silly idealTree | `-- debug@2.6.1
78 silly idealTree +-- buffer-writer@1.0.1
78 silly idealTree +-- bytes@2.4.0
78 silly idealTree +-- camelcase@1.2.1
78 silly idealTree +-- center-align@0.1.3
78 silly idealTree +-- character-parser@1.2.1
78 silly idealTree +-- clean-css@3.4.26
78 silly idealTree | `-- commander@2.8.1
78 silly idealTree +-- cliui@2.1.0
78 silly idealTree | `-- wordwrap@0.0.2
78 silly idealTree +-- commander@2.6.0
78 silly idealTree +-- constantinople@3.0.2
78 silly idealTree +-- content-disposition@0.5.2
78 silly idealTree +-- content-type@1.0.2
78 silly idealTree +-- cookie-parser@1.4.3
78 silly idealTree +-- cookie-signature@1.0.6
78 silly idealTree +-- cookie@0.3.1
78 silly idealTree +-- css-parse@1.0.4
78 silly idealTree +-- css-stringify@1.0.5
78 silly idealTree +-- css@1.0.8
78 silly idealTree +-- debug@2.6.6
78 silly idealTree | `-- ms@0.7.3
78 silly idealTree +-- decamelize@1.2.0
78 silly idealTree +-- depd@1.1.0
78 silly idealTree +-- destroy@1.0.4
78 silly idealTree +-- ee-first@1.1.1
78 silly idealTree +-- encodeurl@1.0.1
78 silly idealTree +-- escape-html@1.0.3
78 silly idealTree +-- etag@1.8.0
78 silly idealTree +-- express@4.15.2
78 silly idealTree | `-- debug@2.6.1
78 silly idealTree +-- finalhandler@1.0.2
78 silly idealTree | +-- debug@2.6.4
78 silly idealTree | `-- ms@0.7.3
78 silly idealTree +-- forwarded@0.1.0
78 silly idealTree +-- fresh@0.5.0
78 silly idealTree +-- generic-pool@2.4.3
78 silly idealTree +-- graceful-readlink@1.0.1
78 silly idealTree +-- http-errors@1.6.1
78 silly idealTree +-- iconv-lite@0.4.15
78 silly idealTree +-- inherits@2.0.3
78 silly idealTree +-- ipaddr.js@1.3.0
78 silly idealTree +-- is-buffer@1.1.5
78 silly idealTree +-- is-promise@2.1.0
78 silly idealTree +-- jade@1.11.0
78 silly idealTree +-- jstransformer@0.0.2
78 silly idealTree +-- kind-of@3.2.0
78 silly idealTree +-- lazy-cache@1.0.4
78 silly idealTree +-- longest@1.0.1
78 silly idealTree +-- media-typer@0.3.0
78 silly idealTree +-- merge-descriptors@1.0.1
78 silly idealTree +-- methods@1.1.2
78 silly idealTree +-- mime-db@1.27.0
78 silly idealTree +-- mime-types@2.1.15
78 silly idealTree +-- mime@1.3.4
78 silly idealTree +-- minimist@0.0.8
78 silly idealTree +-- mkdirp@0.5.1
78 silly idealTree +-- morgan@1.8.1
78 silly idealTree | `-- debug@2.6.1
78 silly idealTree +-- ms@0.7.2
78 silly idealTree +-- negotiator@0.6.1
78 silly idealTree +-- node-oracle@0.0.5
78 silly idealTree +-- object-assign@4.1.0
78 silly idealTree +-- on-finished@2.3.0
78 silly idealTree +-- on-headers@1.0.1
78 silly idealTree +-- optimist@0.3.7
78 silly idealTree +-- packet-reader@0.3.1
78 silly idealTree +-- parseurl@1.3.1
78 silly idealTree +-- path-to-regexp@0.1.7
78 silly idealTree +-- pg-connection-string@0.1.3
78 silly idealTree +-- pg-pool@1.7.1
78 silly idealTree +-- pg-types@1.11.0
78 silly idealTree +-- pg@6.2.2
78 silly idealTree +-- pgpass@1.0.1
78 silly idealTree +-- postgres-array@1.0.2
78 silly idealTree +-- postgres-bytea@1.0.0
78 silly idealTree +-- postgres-date@1.0.3
78 silly idealTree +-- postgres-interval@1.0.2
78 silly idealTree +-- promise@6.1.0
78 silly idealTree +-- proxy-addr@1.1.4
78 silly idealTree +-- qs@6.4.0
78 silly idealTree +-- range-parser@1.2.0
78 silly idealTree +-- raw-body@2.2.0
78 silly idealTree +-- repeat-string@1.6.1
78 silly idealTree +-- right-align@0.1.3
78 silly idealTree +-- semver@4.3.2
78 silly idealTree +-- send@0.15.1
78 silly idealTree | `-- debug@2.6.1
78 silly idealTree +-- serve-favicon@2.4.2
78 silly idealTree | `-- ms@1.0.0
78 silly idealTree +-- serve-static@1.12.1
78 silly idealTree +-- setprototypeof@1.0.3
78 silly idealTree +-- source-map@0.4.4
78 silly idealTree +-- split@1.0.0
78 silly idealTree +-- statuses@1.3.1
78 silly idealTree +-- through@2.3.8
78 silly idealTree +-- transformers@2.1.0
78 silly idealTree | +-- is-promise@1.0.1
78 silly idealTree | +-- promise@2.0.0
78 silly idealTree | +-- source-map@0.1.43
78 silly idealTree | `-- uglify-js@2.2.5
78 silly idealTree +-- type-is@1.6.15
78 silly idealTree +-- uglify-js@2.8.26
78 silly idealTree | `-- source-map@0.5.6
78 silly idealTree +-- uglify-to-browserify@1.0.2
78 silly idealTree +-- unpipe@1.0.0
78 silly idealTree +-- utils-merge@1.0.0
78 silly idealTree +-- vary@1.1.1
78 silly idealTree +-- void-elements@2.0.1
78 silly idealTree +-- window-size@0.1.0
78 silly idealTree +-- with@4.0.3
78 silly idealTree | `-- acorn@1.2.2
78 silly idealTree +-- wordwrap@0.0.3
78 silly idealTree +-- xtend@4.0.1
78 silly idealTree `-- yargs@3.10.0
79 silly generateActionsToTake Starting
80 silly install generateActionsToTake
81 silly generateActionsToTake Finishing
82 silly diffTrees action count 1
83 silly diffTrees add node-oracle@0.0.5
84 silly decomposeActions action count 8
85 silly decomposeActions fetch node-oracle@0.0.5
86 silly decomposeActions extract node-oracle@0.0.5
87 silly decomposeActions test node-oracle@0.0.5
88 silly decomposeActions preinstall node-oracle@0.0.5
89 silly decomposeActions build node-oracle@0.0.5
90 silly decomposeActions install node-oracle@0.0.5
91 silly decomposeActions postinstall node-oracle@0.0.5
92 silly decomposeActions finalize node-oracle@0.0.5
93 silly runTopLevelLifecycles Starting
94 silly executeActions Starting
95 silly install executeActions
96 silly doSerial global-install 0
97 silly doParallel fetch 1
98 verbose correctMkdir C:\Users\u9x4259\AppData\Roaming\npm-cache\_locks correctMkdir not in flight; initializing
99 verbose lock using C:\Users\u9x4259\AppData\Roaming\npm-cache\_locks\staging-207acbbd83226224.lock for C:\Users\u9x4259\git\tstnj2\node_modules\.staging
100 silly doParallel extract 1
101 silly extract node-oracle@0.0.5
102 verbose unbuild node_modules\.staging\node-oracle-63f12a6a
103 silly gentlyRm C:\Users\u9x4259\git\tstnj2\node_modules\.staging\node-oracle-63f12a6a is being purged from base C:\Users\u9x4259\git\tstnj2
104 verbose gentlyRm don't care about contents; nuking C:\Users\u9x4259\git\tstnj2\node_modules\.staging\node-oracle-63f12a6a
105 verbose tar unpack C:\Users\u9x4259\AppData\Roaming\npm-cache\node-oracle\0.0.5\package.tgz
106 verbose tar unpacking to C:\Users\u9x4259\git\tstnj2\node_modules\.staging\node-oracle-63f12a6a
107 silly gentlyRm C:\Users\u9x4259\git\tstnj2\node_modules\.staging\node-oracle-63f12a6a is being purged
108 verbose gentlyRm don't care about contents; nuking C:\Users\u9x4259\git\tstnj2\node_modules\.staging\node-oracle-63f12a6a
109 silly gunzTarPerm modes [ '777', '666' ]
110 silly gunzTarPerm extractEntry package.json
111 silly gunzTarPerm extractEntry README.md
112 silly gunzTarPerm extractEntry index.js
113 silly gunzTarPerm extractEntry binding.gyp
114 silly gunzTarPerm extractEntry lib/connection.js
115 silly gunzTarPerm extractEntry lib/oracle.js
116 silly gunzTarPerm extractEntry src/core/otlPool.cpp
117 silly gunzTarPerm extractEntry src/core/otlPool.h
118 silly gunzTarPerm extractEntry src/core/otlv4.h
119 silly gunzTarPerm extractEntry src/core/plateform_public.cpp
120 silly gunzTarPerm extractEntry src/core/platform_config.h
121 silly gunzTarPerm extractEntry src/lib/oci.lib
122 silly gunzTarPerm extractEntry src/nodejs/nodefunction.cc
123 silly gunzTarPerm extractEntry src/nodejs/ConnJob.h
124 silly gunzTarPerm extractEntry src/nodejs/ConnctionPool.h
125 silly gunzTarPerm extractEntry src/nodejs/Connection.cc
126 silly gunzTarPerm extractEntry src/nodejs/Connection.h
127 silly gunzTarPerm extractEntry src/nodejs/QueryJob.cc
128 silly gunzTarPerm extractEntry src/nodejs/QueryJob.h
129 silly gunzTarPerm extractEntry src/nodejs/ConnctionPool.cc
130 silly gunzTarPerm extractEntry src/nodejs/nodefunction.h
131 silly gunzTarPerm extractEntry src/nodejs/oracle_client.cc
132 silly gunzTarPerm extractEntry src/nodejs/oracle_client.h
133 silly gunzTarPerm extractEntry src/nodejs/outParam.cc
134 silly gunzTarPerm extractEntry src/nodejs/outParam.h
135 silly gunzTarPerm extractEntry src/nodejs/tuple.h
136 silly gunzTarPerm extractEntry src/oci/ocidef.h
137 silly gunzTarPerm extractEntry src/oci/nzerror.h
138 silly gunzTarPerm extractEntry src/oci/occi.h
139 silly gunzTarPerm extractEntry src/oci/occiAQ.h
140 silly gunzTarPerm extractEntry src/oci/occiCommon.h
141 silly gunzTarPerm extractEntry src/oci/occiControl.h
142 silly gunzTarPerm extractEntry src/oci/occiData.h
143 silly gunzTarPerm extractEntry src/oci/occiObjects.h
144 silly gunzTarPerm extractEntry src/oci/oci.h
145 silly gunzTarPerm extractEntry src/oci/oci1.h
146 silly gunzTarPerm extractEntry src/oci/oci8dp.h
147 silly gunzTarPerm extractEntry src/oci/ociap.h
148 silly gunzTarPerm extractEntry src/oci/ociapr.h
149 silly gunzTarPerm extractEntry src/oci/nzt.h
150 silly gunzTarPerm extractEntry src/oci/ocidem.h
151 silly gunzTarPerm extractEntry src/oci/ocidfn.h
152 silly gunzTarPerm extractEntry src/oci/ociextp.h
153 silly gunzTarPerm extractEntry src/oci/ocikpr.h
154 silly gunzTarPerm extractEntry src/oci/ocixmldb.h
155 silly gunzTarPerm extractEntry src/oci/odci.h
156 silly gunzTarPerm extractEntry src/oci/oratypes.h
157 silly gunzTarPerm extractEntry src/oci/ori.h
158 silly gunzTarPerm extractEntry src/oci/orid.h
159 silly gunzTarPerm extractEntry src/oci/orl.h
160 silly gunzTarPerm extractEntry src/oci/oro.h
161 silly gunzTarPerm extractEntry src/oci/ort.h
162 silly gunzTarPerm extractEntry src/oci/xa.h
163 silly gunzTarPerm extractEntry src/third_party/CodingConv/encodeutil.cpp
164 silly gunzTarPerm extractEntry src/third_party/CodingConv/encodeutil.h
165 silly gunzTarPerm extractEntry src/un/include/un.h~
166 silly gunzTarPerm extractEntry src/un/include/error.h
167 silly gunzTarPerm extractEntry src/un/include/un-linux.h~
168 silly gunzTarPerm extractEntry src/un/include/un-win.h
169 silly gunzTarPerm extractEntry src/un/include/un.h
170 silly gunzTarPerm extractEntry src/un/include/un-linux.h
171 silly gunzTarPerm extractEntry src/un/include/un_common.c
172 silly gunzTarPerm extractEntry src/un/include/un_common.h
173 silly gunzTarPerm extractEntry src/un/include/un_error.h
174 silly gunzTarPerm extractEntry src/un/include/un_error.h~
175 silly gunzTarPerm extractEntry src/un/include/un_stdint-2008.h
176 silly gunzTarPerm extractEntry src/un/src/linux/thread.c
177 silly gunzTarPerm extractEntry src/un/src/linux/thread.c~
178 silly gunzTarPerm extractEntry src/un/src/un_common.c
179 silly gunzTarPerm extractEntry src/un/src/un_common.h
180 silly gunzTarPerm extractEntry src/un/src/win32/error.c
181 silly gunzTarPerm extractEntry src/un/src/win32/internal.h
182 silly gunzTarPerm extractEntry src/un/src/win32/thread.c
183 silly gunzTarPerm extractEntry src/un/src/win32/winapi.c
184 silly gunzTarPerm extractEntry src/un/src/win32/winapi.h
185 silly gunzTarPerm extractEntry test/conn_test.js
186 silly gunzTarPerm extractEntry test/insert_test.js
187 silly gunzTarPerm extractEntry test/query_test.js
188 silly gunzTarPerm extractEntry test/server.js
189 silly gunzTarPerm extractEntry test/tran_test.js
190 silly gentlyRm C:\Users\u9x4259\git\tstnj2\node_modules\.staging\node-oracle-63f12a6a\node_modules is being purged
191 verbose gentlyRm don't care about contents; nuking C:\Users\u9x4259\git\tstnj2\node_modules\.staging\node-oracle-63f12a6a\node_modules
192 silly doParallel preinstall 1
193 silly preinstall node-oracle@0.0.5 C:\Users\u9x4259\git\tstnj2\node_modules\.staging\node-oracle-63f12a6a
194 info lifecycle node-oracle@0.0.5~preinstall: node-oracle@0.0.5
195 silly lifecycle node-oracle@0.0.5~preinstall: no script for preinstall, continuing
196 silly doReverseSerial remove 0
197 silly doSerial move 0
198 silly doSerial finalize 1
199 silly finalize C:\Users\u9x4259\git\tstnj2\node_modules\node-oracle
200 silly doSerial build 1
201 silly build node-oracle@0.0.5
202 info linkStuff node-oracle@0.0.5
203 silly linkStuff node-oracle@0.0.5 has C:\Users\u9x4259\git\tstnj2\node_modules as its parent node_modules
204 verbose linkBins node-oracle@0.0.5
205 verbose linkMans node-oracle@0.0.5
206 silly doSerial global-link 0
207 silly doParallel update-linked 0
208 silly doSerial install 1
209 silly install node-oracle@0.0.5 C:\Users\u9x4259\git\tstnj2\node_modules\.staging\node-oracle-63f12a6a
210 info lifecycle node-oracle@0.0.5~install: node-oracle@0.0.5
211 verbose lifecycle node-oracle@0.0.5~install: unsafe-perm in lifecycle true
212 verbose lifecycle node-oracle@0.0.5~install: PATH: C:\Program Files\nodejs\node_modules\npm\bin\node-gyp-bin;C:\Users\u9x4259\git\tstnj2\node_modules\node-oracle\node_modules\.bin;C:\Users\u9x4259\git\tstnj2\node_modules\.bin;C:\ProgramData\Oracle\Java\javapath;C:\windows\system32;C:\windows;C:\windows\System32\Wbem;C:\windows\System32\WindowsPowerShell\v1.0\;C:\Program Files (x86)\QuickTime\QTSystem\;C:\Program Files (x86)\Microsoft SQL Server\100\Tools\Binn\;C:\Program Files\Microsoft SQL Server\100\Tools\Binn\;C:\Program Files\Microsoft SQL Server\100\DTS\Binn\;C:\cygwin\bin;C:\HashiCorp\Vagrant\bin;C:\Program Files\nodejs\;c:\LLY_Fuse\jdk1.7.0_60\jre\bin;c:\LLY_Fuse\jdk1.7.0_60\bin;C:\LLY_Fuse\apache-maven-3.3.9\bin;C:\ProgramData\Oracle\Java\javapath;C:\windows\system32;C:\windows;C:\windows\System32\Wbem;C:\windows\System32\WindowsPowerShell\v1.0\;C:\Program Files (x86)\QuickTime\QTSystem\;C:\Program Files (x86)\Microsoft SQL Server\100\Tools\Binn\;C:\Program Files\Microsoft SQL Server\100\Tools\Binn\;C:\Program Files\Microsoft SQL Server\100\DTS\Binn\;C:\HashiCorp\Vagrant\bin;C:\cygwin64\bin;;d:\openshift;c:\cygwin\bin;C:\Program Files\Heroku\bin;C:\Users\u9x4259\AppData\Roaming\npm
213 verbose lifecycle node-oracle@0.0.5~install: CWD: C:\Users\u9x4259\git\tstnj2\node_modules\node-oracle
214 silly lifecycle node-oracle@0.0.5~install: Args: [ '/d /s /c', 'node-gyp rebuild' ]
215 silly lifecycle node-oracle@0.0.5~install: Returned: code: 1  signal: null
216 info lifecycle node-oracle@0.0.5~install: Failed to exec install script
217 verbose unlock done using C:\Users\u9x4259\AppData\Roaming\npm-cache\_locks\staging-207acbbd83226224.lock for C:\Users\u9x4259\git\tstnj2\node_modules\.staging
218 silly rollbackFailedOptional Starting
219 silly rollbackFailedOptional Finishing
220 silly runTopLevelLifecycles Finishing
221 silly install printInstalled
222 verbose stack Error: node-oracle@0.0.5 install: `node-gyp rebuild`
222 verbose stack Exit status 1
222 verbose stack     at EventEmitter.<anonymous> (C:\Program Files\nodejs\node_modules\npm\lib\utils\lifecycle.js:255:16)
222 verbose stack     at emitTwo (events.js:106:13)
222 verbose stack     at EventEmitter.emit (events.js:191:7)
222 verbose stack     at ChildProcess.<anonymous> (C:\Program Files\nodejs\node_modules\npm\lib\utils\spawn.js:40:14)
222 verbose stack     at emitTwo (events.js:106:13)
222 verbose stack     at ChildProcess.emit (events.js:191:7)
222 verbose stack     at maybeClose (internal/child_process.js:886:16)
222 verbose stack     at Process.ChildProcess._handle.onexit (internal/child_process.js:226:5)
223 verbose pkgid node-oracle@0.0.5
224 verbose cwd C:\Users\u9x4259\git\tstnj2
225 error Windows_NT 6.1.7601
226 error argv "C:\\Program Files\\nodejs\\node.exe" "C:\\Program Files\\nodejs\\node_modules\\npm\\bin\\npm-cli.js" "install" "node-oracle"
227 error node v6.10.3
228 error npm  v3.10.10
229 error code ELIFECYCLE
230 error node-oracle@0.0.5 install: `node-gyp rebuild`
230 error Exit status 1
231 error Failed at the node-oracle@0.0.5 install script 'node-gyp rebuild'.
231 error Make sure you have the latest version of node.js and npm installed.
231 error If you do, this is most likely a problem with the node-oracle package,
231 error not with npm itself.
231 error Tell the author that this fails on your system:
231 error     node-gyp rebuild
231 error You can get information on how to open an issue for this project with:
231 error     npm bugs node-oracle
231 error Or if that isn't available, you can get their info via:
231 error     npm owner ls node-oracle
231 error There is likely additional logging output above.
232 verbose exit [ 1, true ]
